<?xml version="1.0" encoding="UTF-8"?>
<!-- Generated by org.testng.reporters.JUnitReportReporter -->
<testsuite hostname="LAPTOP-NV5LHH0B" failures="0" tests="4" name="testng.Class1" time="0.014" errors="1" timestamp="26 Nov 2024 11:35:10 GMT" skipped="0">
  <testcase classname="testng.Class1" name="method12" time="0.001"/>
  <testcase classname="testng.Class1" name="method12" time="0.004"/>
  <testcase classname="testng.Class1" name="method11" time="0.001">
    <error message="
Parameter &#039;url&#039; is required by @Test on method method11 but has not been marked @Optional or defined
in C:\Users\ravit\eclipse-workspace\introduction\testng2.xml" type="org.testng.TestNGException">
      <![CDATA[org.testng.TestNGException: 
Parameter 'url' is required by @Test on method method11 but has not been marked @Optional or defined
in C:\Users\ravit\eclipse-workspace\introduction\testng2.xml
at org.testng.internal.Parameters.createParams(Parameters.java:290)
at org.testng.internal.Parameters.createParametersForMethod(Parameters.java:359)
at org.testng.internal.Parameters.createParameters(Parameters.java:620)
at org.testng.internal.Parameters.handleParameters(Parameters.java:769)
at org.testng.internal.ParameterHandler.handleParameters(ParameterHandler.java:49)
at org.testng.internal.ParameterHandler.createParameters(ParameterHandler.java:37)
at org.testng.internal.Invoker.invokeTestMethods(Invoker.java:924)
at org.testng.internal.TestMethodWorker.invokeTestMethods(TestMethodWorker.java:125)
at org.testng.internal.TestMethodWorker.run(TestMethodWorker.java:109)
at java.base/java.util.concurrent.ThreadPoolExecutor.runWorker(ThreadPoolExecutor.java:1136)
at java.base/java.util.concurrent.ThreadPoolExecutor$Worker.run(ThreadPoolExecutor.java:635)
at java.base/java.lang.Thread.run(Thread.java:833)
]]>
    </error>
  </testcase> <!-- method11 -->
  <testcase classname="testng.Class1" name="method12" time="0.008"/>
</testsuite> <!-- testng.Class1 -->
